<?xml version="1.0" encoding="UTF-8"?>
<!-- Generated by org.testng.reporters.JUnitReportReporter -->
<testsuite skipped="0" hostname="mitrais-3.local" name="sampleproject.Tests" tests="2" failures="0" timestamp="2020-03-12T15:11:40 WIB" time="51.527" errors="0">
  <testcase name="buttons" time="21.493" classname="sampleproject.Tests"/>
  <system-out/>
  <testcase name="actionSheets" time="30.034" classname="sampleproject.Tests"/>
  <system-out/>
</testsuite> <!-- sampleproject.Tests -->
