<?xml version="1.0" encoding="UTF-8"?>
<!-- Generated by org.testng.reporters.JUnitReportReporter -->
<testsuite skipped="0" hostname="mitrais-3.local" name="sampleproject.BaseClass" tests="1" failures="0" timestamp="2020-03-09T15:07:54 WIB" time="10.011" errors="0">
  <testcase name="sampleTest" time="10.011" classname="sampleproject.BaseClass"/>
  <system-out/>
</testsuite> <!-- sampleproject.BaseClass -->
