<?xml version="1.0" encoding="UTF-8"?>
<!-- Generated by org.testng.reporters.JUnitReportReporter -->
<testsuite skipped="0" hostname="mitrais-3.local" name="sampleproject.PortraitTests" tests="1" failures="0" timestamp="2020-03-12T16:53:18 WIB" time="12.530" errors="0">
  <testcase name="actionSheets" time="12.530" classname="sampleproject.PortraitTests"/>
  <system-out/>
</testsuite> <!-- sampleproject.PortraitTests -->
