<?xml version="1.0" encoding="UTF-8"?>
<!-- Generated by org.testng.reporters.JUnitReportReporter -->
<testsuite skipped="0" hostname="mitrais-3.local" name="sampleproject.LandscapeTests" tests="3" failures="0" timestamp="2020-03-12T16:41:02 WIB" time="27.358" errors="0">
  <testcase name="scrollUp" time="14.456" classname="sampleproject.LandscapeTests"/>
  <system-out/>
  <testcase name="scrollDown" time="6.459" classname="sampleproject.LandscapeTests"/>
  <system-out/>
  <testcase name="buttons" time="6.443" classname="sampleproject.LandscapeTests"/>
  <system-out/>
</testsuite> <!-- sampleproject.LandscapeTests -->
